<?xml version="1.0" encoding="UTF-8"?>
<testsuite name="com.leetcode.sort.InsertionSortListTest" tests="1" skipped="0" failures="0" errors="0" timestamp="2022-09-02T17:32:34" hostname="DESKTOP-6VVM1FT" time="11.774">
  <properties/>
  <testcase name="test1()" classname="com.leetcode.sort.InsertionSortListTest" time="11.774"/>
  <system-out><![CDATA[1
]]></system-out>
  <system-err><![CDATA[]]></system-err>
</testsuite>
